[2025-04-25 13:23:28] Payment success page requested with session:  array(1) {
  ["subscribing"]=>
  int(47)
}

[2025-04-25 13:23:33] Payment success page requested with session:  array(2) {
  ["auth"]=>
  array(6) {
    ["id"]=>
    int(47)
    ["email"]=>
    string(19) "mrclocktd@gmail.com"
    ["fname"]=>
    string(8) "Theshawa"
    ["lname"]=>
    string(8) "Nimantha"
    ["session_started_at"]=>
    int(1745567608)
    ["role"]=>
    string(3) "rat"
  }
  ["success"]=>
  string(40) "Subscription Plan activated successfully"
}

[2025-04-25 13:24:56] Payment success page requested with session:  array(2) {
  ["auth"]=>
  array(6) {
    ["id"]=>
    int(47)
    ["email"]=>
    string(19) "mrclocktd@gmail.com"
    ["fname"]=>
    string(8) "Theshawa"
    ["lname"]=>
    string(8) "Nimantha"
    ["session_started_at"]=>
    int(1745567608)
    ["role"]=>
    string(3) "rat"
  }
  ["success"]=>
  string(40) "Subscription Plan activated successfully"
}

[2025-04-25 13:25:28] Payment success page requested with session:  array(1) {
  ["subscribing"]=>
  int(47)
}

[2025-04-25 13:25:32] Payment success page requested with session:  array(2) {
  ["auth"]=>
  array(6) {
    ["id"]=>
    int(47)
    ["email"]=>
    string(19) "mrclocktd@gmail.com"
    ["fname"]=>
    string(8) "Theshawa"
    ["lname"]=>
    string(8) "Nimantha"
    ["session_started_at"]=>
    int(1745567728)
    ["role"]=>
    string(3) "rat"
  }
  ["success"]=>
  string(40) "Subscription Plan activated successfully"
}

